mode: set
project2/controllers/facilities_controllers.go:15.54,20.16 5 0
project2/controllers/facilities_controllers.go:23.2,23.16 1 0
project2/controllers/facilities_controllers.go:26.2,26.65 1 0
project2/controllers/facilities_controllers.go:20.16,22.3 1 0
project2/controllers/facilities_controllers.go:23.16,25.3 1 0
project2/controllers/facilities_controllers.go:30.54,32.16 2 0
project2/controllers/facilities_controllers.go:35.2,35.72 1 0
project2/controllers/facilities_controllers.go:32.16,34.3 1 0
project2/controllers/facilities_controllers.go:39.55,41.16 2 0
project2/controllers/facilities_controllers.go:44.2,45.33 2 0
project2/controllers/facilities_controllers.go:48.2,48.70 1 0
project2/controllers/facilities_controllers.go:41.16,43.3 1 0
project2/controllers/facilities_controllers.go:45.33,47.3 1 0
project2/controllers/facilities_controllers.go:52.54,54.16 2 0
project2/controllers/facilities_controllers.go:57.2,62.14 6 0
project2/controllers/facilities_controllers.go:65.2,65.43 1 0
project2/controllers/facilities_controllers.go:68.2,68.65 1 0
project2/controllers/facilities_controllers.go:54.16,56.3 1 0
project2/controllers/facilities_controllers.go:62.14,64.3 1 0
project2/controllers/facilities_controllers.go:65.43,67.3 1 0
project2/controllers/facilities_controllers.go:72.54,74.16 2 0
project2/controllers/facilities_controllers.go:77.2,78.31 2 0
project2/controllers/facilities_controllers.go:81.2,81.65 1 0
project2/controllers/facilities_controllers.go:74.16,76.3 1 0
project2/controllers/facilities_controllers.go:78.31,80.3 1 0
project2/controllers/homestay_controllers.go:24.54,35.16 6 0
project2/controllers/homestay_controllers.go:44.2,44.16 1 0
project2/controllers/homestay_controllers.go:47.2,47.65 1 0
project2/controllers/homestay_controllers.go:35.16,43.3 7 0
project2/controllers/homestay_controllers.go:44.16,46.3 1 0
project2/controllers/homestay_controllers.go:51.54,53.16 2 0
project2/controllers/homestay_controllers.go:56.2,56.70 1 0
project2/controllers/homestay_controllers.go:53.16,55.3 1 0
project2/controllers/homestay_controllers.go:60.55,62.16 2 0
project2/controllers/homestay_controllers.go:65.2,66.33 2 0
project2/controllers/homestay_controllers.go:69.2,69.70 1 0
project2/controllers/homestay_controllers.go:62.16,64.3 1 0
project2/controllers/homestay_controllers.go:66.33,68.3 1 0
project2/controllers/homestay_controllers.go:73.54,75.16 2 0
project2/controllers/homestay_controllers.go:78.2,80.37 3 0
project2/controllers/homestay_controllers.go:83.2,94.14 7 0
project2/controllers/homestay_controllers.go:103.2,103.43 1 0
project2/controllers/homestay_controllers.go:106.2,106.65 1 0
project2/controllers/homestay_controllers.go:75.16,77.3 1 0
project2/controllers/homestay_controllers.go:80.37,82.3 1 0
project2/controllers/homestay_controllers.go:94.14,102.3 7 0
project2/controllers/homestay_controllers.go:103.43,105.3 1 0
project2/controllers/homestay_controllers.go:109.54,111.16 2 0
project2/controllers/homestay_controllers.go:114.2,116.38 3 0
project2/controllers/homestay_controllers.go:119.2,120.65 2 0
project2/controllers/homestay_controllers.go:111.16,113.3 1 0
project2/controllers/homestay_controllers.go:116.38,118.3 1 0
project2/controllers/homestay_facilities_controllers.go:21.62,31.16 7 0
project2/controllers/homestay_facilities_controllers.go:38.2,38.44 1 0
project2/controllers/homestay_facilities_controllers.go:41.2,41.65 1 0
project2/controllers/homestay_facilities_controllers.go:31.16,34.38 3 0
project2/controllers/homestay_facilities_controllers.go:34.38,36.4 1 0
project2/controllers/homestay_facilities_controllers.go:38.44,40.3 1 0
project2/controllers/homestay_facilities_controllers.go:45.62,47.16 2 0
project2/controllers/homestay_facilities_controllers.go:50.2,59.14 7 0
project2/controllers/homestay_facilities_controllers.go:66.2,66.42 1 0
project2/controllers/homestay_facilities_controllers.go:69.2,69.65 1 0
project2/controllers/homestay_facilities_controllers.go:47.16,49.3 1 0
project2/controllers/homestay_facilities_controllers.go:59.14,62.38 3 0
project2/controllers/homestay_facilities_controllers.go:62.38,64.4 1 0
project2/controllers/homestay_facilities_controllers.go:66.42,68.3 1 0
project2/controllers/homestay_facilities_controllers.go:73.62,75.16 2 0
project2/controllers/homestay_facilities_controllers.go:78.2,80.38 3 0
project2/controllers/homestay_facilities_controllers.go:83.2,84.65 2 0
project2/controllers/homestay_facilities_controllers.go:75.16,77.3 1 0
project2/controllers/homestay_facilities_controllers.go:80.38,82.3 1 0
project2/controllers/reservation_controllers.go:13.57,26.55 9 0
project2/controllers/reservation_controllers.go:26.55,28.3 1 0
project2/controllers/reservation_controllers.go:28.8,35.34 3 0
project2/controllers/reservation_controllers.go:39.3,41.17 3 0
project2/controllers/reservation_controllers.go:45.3,45.74 1 0
project2/controllers/reservation_controllers.go:35.34,37.4 1 0
project2/controllers/reservation_controllers.go:41.17,43.4 1 0
project2/controllers/reservation_controllers.go:49.54,56.40 5 0
project2/controllers/reservation_controllers.go:59.2,59.64 1 0
project2/controllers/reservation_controllers.go:56.40,58.3 1 0
project2/controllers/reservation_controllers.go:63.54,67.29 3 1
project2/controllers/reservation_controllers.go:70.2,70.66 1 0
project2/controllers/reservation_controllers.go:67.29,69.3 1 1
project2/controllers/reservation_controllers.go:74.58,76.2 1 1
project2/controllers/users_controllers.go:25.47,29.16 4 1
project2/controllers/users_controllers.go:32.2,33.29 2 1
project2/controllers/users_controllers.go:36.2,36.66 1 1
project2/controllers/users_controllers.go:29.16,31.3 1 1
project2/controllers/users_controllers.go:33.29,35.3 1 1
project2/controllers/users_controllers.go:40.50,51.16 6 1
project2/controllers/users_controllers.go:56.2,56.16 1 1
project2/controllers/users_controllers.go:59.2,59.65 1 1
project2/controllers/users_controllers.go:51.16,54.3 2 1
project2/controllers/users_controllers.go:56.16,58.3 1 1
project2/controllers/users_controllers.go:63.50,67.16 3 1
project2/controllers/users_controllers.go:71.2,72.23 2 1
project2/controllers/users_controllers.go:76.2,77.14 2 1
project2/controllers/users_controllers.go:80.2,80.65 1 1
project2/controllers/users_controllers.go:67.16,69.3 1 1
project2/controllers/users_controllers.go:72.23,74.3 1 1
project2/controllers/users_controllers.go:77.14,79.3 1 1
project2/controllers/users_controllers.go:84.50,87.16 2 1
project2/controllers/users_controllers.go:91.2,92.18 2 1
project2/controllers/users_controllers.go:95.2,105.14 6 1
project2/controllers/users_controllers.go:109.2,109.14 1 1
project2/controllers/users_controllers.go:112.2,112.65 1 0
project2/controllers/users_controllers.go:87.16,89.3 1 1
project2/controllers/users_controllers.go:92.18,94.3 1 1
project2/controllers/users_controllers.go:105.14,108.3 2 0
project2/controllers/users_controllers.go:109.14,111.3 1 1
project2/controllers/users_controllers.go:116.49,122.14 6 1
project2/controllers/users_controllers.go:125.2,125.68 1 0
project2/controllers/users_controllers.go:122.14,124.3 1 1
project2/controllers/users_controllers.go:129.51,131.2 1 1
project2/controllers/users_controllers.go:134.54,136.2 1 1
project2/controllers/users_controllers.go:139.54,141.2 1 1
