mode: set
project2/controllers/homestay_controllers.go:24.54,35.16 6 0
project2/controllers/homestay_controllers.go:44.2,44.16 1 0
project2/controllers/homestay_controllers.go:47.2,47.65 1 0
project2/controllers/homestay_controllers.go:35.16,43.3 7 0
project2/controllers/homestay_controllers.go:44.16,46.3 1 0
project2/controllers/homestay_controllers.go:51.54,53.16 2 0
project2/controllers/homestay_controllers.go:56.2,56.70 1 0
project2/controllers/homestay_controllers.go:53.16,55.3 1 0
project2/controllers/homestay_controllers.go:60.55,62.16 2 0
project2/controllers/homestay_controllers.go:65.2,66.33 2 0
project2/controllers/homestay_controllers.go:69.2,69.70 1 0
project2/controllers/homestay_controllers.go:62.16,64.3 1 0
project2/controllers/homestay_controllers.go:66.33,68.3 1 0
project2/controllers/homestay_controllers.go:73.54,75.16 2 0
project2/controllers/homestay_controllers.go:78.2,80.37 3 0
project2/controllers/homestay_controllers.go:83.2,93.14 6 0
project2/controllers/homestay_controllers.go:102.2,102.14 1 0
project2/controllers/homestay_controllers.go:105.2,105.65 1 0
project2/controllers/homestay_controllers.go:75.16,77.3 1 0
project2/controllers/homestay_controllers.go:80.37,82.3 1 0
project2/controllers/homestay_controllers.go:93.14,101.3 7 0
project2/controllers/homestay_controllers.go:102.14,104.3 1 0
project2/controllers/homestay_controllers.go:108.54,110.16 2 0
project2/controllers/homestay_controllers.go:113.2,115.37 3 0
project2/controllers/homestay_controllers.go:118.2,119.65 2 0
project2/controllers/homestay_controllers.go:110.16,112.3 1 0
project2/controllers/homestay_controllers.go:115.37,117.3 1 0
project2/controllers/users_controllers.go:25.47,29.16 4 1
project2/controllers/users_controllers.go:32.2,33.29 2 1
project2/controllers/users_controllers.go:36.2,36.66 1 1
project2/controllers/users_controllers.go:29.16,31.3 1 1
project2/controllers/users_controllers.go:33.29,35.3 1 1
project2/controllers/users_controllers.go:40.50,51.16 6 1
project2/controllers/users_controllers.go:56.2,56.16 1 1
project2/controllers/users_controllers.go:59.2,59.65 1 1
project2/controllers/users_controllers.go:51.16,54.3 2 1
project2/controllers/users_controllers.go:56.16,58.3 1 1
project2/controllers/users_controllers.go:63.50,67.16 3 1
project2/controllers/users_controllers.go:71.2,72.23 2 1
project2/controllers/users_controllers.go:76.2,77.14 2 1
project2/controllers/users_controllers.go:80.2,80.65 1 1
project2/controllers/users_controllers.go:67.16,69.3 1 1
project2/controllers/users_controllers.go:72.23,74.3 1 1
project2/controllers/users_controllers.go:77.14,79.3 1 1
project2/controllers/users_controllers.go:84.50,87.16 2 1
project2/controllers/users_controllers.go:91.2,92.18 2 1
project2/controllers/users_controllers.go:95.2,105.14 6 1
project2/controllers/users_controllers.go:109.2,109.14 1 1
project2/controllers/users_controllers.go:112.2,112.65 1 0
project2/controllers/users_controllers.go:87.16,89.3 1 1
project2/controllers/users_controllers.go:92.18,94.3 1 1
project2/controllers/users_controllers.go:105.14,108.3 2 0
project2/controllers/users_controllers.go:109.14,111.3 1 1
project2/controllers/users_controllers.go:116.49,122.14 6 1
project2/controllers/users_controllers.go:125.2,125.68 1 0
project2/controllers/users_controllers.go:122.14,124.3 1 1
project2/controllers/users_controllers.go:129.51,131.2 1 1
project2/controllers/users_controllers.go:134.54,136.2 1 1
project2/controllers/users_controllers.go:139.54,141.2 1 1
